<?xml version="1.0" encoding="UTF-8"?>
<!-- Generated by org.testng.reporters.JUnitReportReporter -->
<testsuite hostname="sarthaks-mini.lan" failures="0" tests="1" name="automation_package_demo1.Login" time="11.087" errors="0" timestamp="2023-12-18T00:23:42 EST" skipped="0">
  <testcase classname="automation_package_demo1.Login" name="setup" time="11.087"/>
</testsuite> <!-- automation_package_demo1.Login -->
